0 info it worked if it ends with ok
1 verbose cli [ '/project/.nvm/versions/node/v6.11.0/bin/node',
1 verbose cli   '/project/.nvm/versions/node/v6.11.0/bin/npm',
1 verbose cli   'run',
1 verbose cli   'build:watch' ]
2 info using npm@3.10.10
3 info using node@v6.11.0
4 verbose stack Error: ENOENT: no such file or directory, open '/project/gmaps/package.json'
4 verbose stack     at Error (native)
5 verbose cwd /project/gmaps/gmaps
6 error Linux 4.4.26-k8s
7 error argv "/project/.nvm/versions/node/v6.11.0/bin/node" "/project/.nvm/versions/node/v6.11.0/bin/npm" "run" "build:watch"
8 error node v6.11.0
9 error npm  v3.10.10
10 error path /project/gmaps/package.json
11 error code ENOENT
12 error errno -2
13 error syscall open
14 error enoent ENOENT: no such file or directory, open '/project/gmaps/package.json'
15 error enoent ENOENT: no such file or directory, open '/project/gmaps/package.json'
15 error enoent This is most likely not a problem with npm itself
15 error enoent and is related to npm not being able to find a file.
16 verbose exit [ -2, true ]
